<?xml version="1.0" encoding="utf-8"?><testsuite errors="0" failures="0" name="pytest" skips="0" tests="53" time="22.128"><testcase classname="tests.unit.api.test_meta" file="tests\unit\api\test_meta.py" line="20" name="test_meta_no_commit_hash" time="1.127044916152954"><system-out>2019-06-14 23:33:46,220 - flask.app - DEBUG in jwt_manager:jwt_manager.py:57 - init_app: JWT MANAGER running in test mode, using locally defined certs &amp; tokens
2019-06-14 23:33:46,222 - flask.app - DEBUG in jwt_manager:jwt_manager.py:66 - init_app: local key being used: {&apos;keys&apos;: [{&apos;kid&apos;: &apos;sbc-auth-cron-job&apos;, &apos;kty&apos;: &apos;RSA&apos;, &apos;alg&apos;: &apos;RS256&apos;, &apos;use&apos;: &apos;sig&apos;, &apos;n&apos;: &apos;AN-fWcpCyE5KPzHDjigLaSUVZI0uYrcGcc40InVtl-rQRDmAh-C2W8H4_Hxhr5VLc6crsJ2LiJTV_E72S03pzpOOaaYV6-TzAjCou2GYJIXev7f6Hh512PuG5wyxda_TlBSsI-gvphRTPsKCnPutrbiukCYrnPuWxX5_cES9eStR&apos;, &apos;e&apos;: &apos;AQAB&apos;}]}
2019-06-14 23:33:46,223 - flask.app - DEBUG in jwt_manager:jwt_manager.py:99 - init_app: JWKS_URI: None
2019-06-14 23:33:46,226 - flask.app - DEBUG in jwt_manager:jwt_manager.py:100 - init_app: ISSUER: https://sso-dev.pathfinder.gov.bc.ca/auth/realms/fcf0kpqr
2019-06-14 23:33:46,227 - flask.app - DEBUG in jwt_manager:jwt_manager.py:101 - init_app: ALGORITHMS: [&apos;RS256&apos;]
2019-06-14 23:33:46,228 - flask.app - DEBUG in jwt_manager:jwt_manager.py:102 - init_app: AUDIENCE: sbc-auth-web
2019-06-14 23:33:46,228 - flask.app - DEBUG in jwt_manager:jwt_manager.py:103 - init_app: CLIENT_SECRET: aeb2b9bc-672b-4574-8bc8-e76e853c37cb
2019-06-14 23:33:46,229 - flask.app - DEBUG in jwt_manager:jwt_manager.py:104 - init_app: JWT_OIDC_TEST_MODE: True
2019-06-14 23:33:46,229 - flask.app - DEBUG in jwt_manager:jwt_manager.py:105 - init_app: JWT_OIDC_TEST_KEYS: {&apos;keys&apos;: [{&apos;kid&apos;: &apos;sbc-auth-cron-job&apos;, &apos;kty&apos;: &apos;RSA&apos;, &apos;alg&apos;: &apos;RS256&apos;, &apos;use&apos;: &apos;sig&apos;, &apos;n&apos;: &apos;AN-fWcpCyE5KPzHDjigLaSUVZI0uYrcGcc40InVtl-rQRDmAh-C2W8H4_Hxhr5VLc6crsJ2LiJTV_E72S03pzpOOaaYV6-TzAjCou2GYJIXev7f6Hh512PuG5wyxda_TlBSsI-gvphRTPsKCnPutrbiukCYrnPuWxX5_cES9eStR&apos;, &apos;e&apos;: &apos;AQAB&apos;}]}
</system-out></testcase><testcase classname="tests.unit.api.test_meta" file="tests\unit\api\test_meta.py" line="30" name="test_meta_with_commit_hash" time="0.001001119613647461"></testcase><testcase classname="tests.unit.api.test_ops" file="tests\unit\api\test_ops.py" line="20" name="test_ops_healthz_success" time="0.10300040245056152"></testcase><testcase classname="tests.unit.api.test_ops" file="tests\unit\api\test_ops.py" line="28" name="test_ops_healthz_fail" time="2.353705883026123"><system-out>2019-06-14 23:33:46,372 - flask.app - DEBUG in jwt_manager:jwt_manager.py:57 - init_app: JWT MANAGER running in test mode, using locally defined certs &amp; tokens
2019-06-14 23:33:46,374 - flask.app - DEBUG in jwt_manager:jwt_manager.py:66 - init_app: local key being used: {&apos;keys&apos;: [{&apos;kid&apos;: &apos;sbc-auth-cron-job&apos;, &apos;kty&apos;: &apos;RSA&apos;, &apos;alg&apos;: &apos;RS256&apos;, &apos;use&apos;: &apos;sig&apos;, &apos;n&apos;: &apos;AN-fWcpCyE5KPzHDjigLaSUVZI0uYrcGcc40InVtl-rQRDmAh-C2W8H4_Hxhr5VLc6crsJ2LiJTV_E72S03pzpOOaaYV6-TzAjCou2GYJIXev7f6Hh512PuG5wyxda_TlBSsI-gvphRTPsKCnPutrbiukCYrnPuWxX5_cES9eStR&apos;, &apos;e&apos;: &apos;AQAB&apos;}]}
2019-06-14 23:33:46,376 - flask.app - DEBUG in jwt_manager:jwt_manager.py:99 - init_app: JWKS_URI: None
2019-06-14 23:33:46,377 - flask.app - DEBUG in jwt_manager:jwt_manager.py:100 - init_app: ISSUER: https://sso-dev.pathfinder.gov.bc.ca/auth/realms/fcf0kpqr
2019-06-14 23:33:46,378 - flask.app - DEBUG in jwt_manager:jwt_manager.py:101 - init_app: ALGORITHMS: [&apos;RS256&apos;]
2019-06-14 23:33:46,379 - flask.app - DEBUG in jwt_manager:jwt_manager.py:102 - init_app: AUDIENCE: sbc-auth-web
2019-06-14 23:33:46,380 - flask.app - DEBUG in jwt_manager:jwt_manager.py:103 - init_app: CLIENT_SECRET: aeb2b9bc-672b-4574-8bc8-e76e853c37cb
2019-06-14 23:33:46,381 - flask.app - DEBUG in jwt_manager:jwt_manager.py:104 - init_app: JWT_OIDC_TEST_MODE: True
2019-06-14 23:33:46,382 - flask.app - DEBUG in jwt_manager:jwt_manager.py:105 - init_app: JWT_OIDC_TEST_KEYS: {&apos;keys&apos;: [{&apos;kid&apos;: &apos;sbc-auth-cron-job&apos;, &apos;kty&apos;: &apos;RSA&apos;, &apos;alg&apos;: &apos;RS256&apos;, &apos;use&apos;: &apos;sig&apos;, &apos;n&apos;: &apos;AN-fWcpCyE5KPzHDjigLaSUVZI0uYrcGcc40InVtl-rQRDmAh-C2W8H4_Hxhr5VLc6crsJ2LiJTV_E72S03pzpOOaaYV6-TzAjCou2GYJIXev7f6Hh512PuG5wyxda_TlBSsI-gvphRTPsKCnPutrbiukCYrnPuWxX5_cES9eStR&apos;, &apos;e&apos;: &apos;AQAB&apos;}]}
</system-out></testcase><testcase classname="tests.unit.api.test_ops" file="tests\unit\api\test_ops.py" line="38" name="test_ops_readyz" time="0.005001544952392578"></testcase><testcase classname="tests.unit.api.test_token" file="tests\unit\api\test_token.py" line="36" name="test_token_get_token" time="1.0005385875701904"><system-out>2019-06-14 23:33:48,735 - urllib3.connectionpool - DEBUG in connectionpool:connectionpool.py:815 - _new_conn: Starting new HTTPS connection (1): sso-dev.pathfinder.gov.bc.ca:443
2019-06-14 23:33:48,880 - urllib3.connectionpool - DEBUG in connectionpool:connectionpool.py:396 - _make_request: https://sso-dev.pathfinder.gov.bc.ca:443 &quot;GET /auth/admin/realms/fcf0kpqr/users?search=test11 HTTP/1.1&quot; 200 2
2019-06-14 23:33:49,094 - urllib3.connectionpool - DEBUG in connectionpool:connectionpool.py:396 - _make_request: https://sso-dev.pathfinder.gov.bc.ca:443 &quot;POST /auth/admin/realms/fcf0kpqr/users HTTP/1.1&quot; 201 0
2019-06-14 23:33:49,141 - urllib3.connectionpool - DEBUG in connectionpool:connectionpool.py:396 - _make_request: https://sso-dev.pathfinder.gov.bc.ca:443 &quot;GET /auth/admin/realms/fcf0kpqr/users?search=test11 HTTP/1.1&quot; 200 382
2019-06-14 23:33:49,189 - urllib3.connectionpool - DEBUG in connectionpool:connectionpool.py:396 - _make_request: https://sso-dev.pathfinder.gov.bc.ca:443 &quot;GET /auth/admin/realms/fcf0kpqr/users?search=test11 HTTP/1.1&quot; 200 382
2019-06-14 23:33:49,226 - urllib3.connectionpool - DEBUG in connectionpool:connectionpool.py:396 - _make_request: https://sso-dev.pathfinder.gov.bc.ca:443 &quot;GET /auth/admin/realms/fcf0kpqr/users/b13b254a-51bd-4197-8a81-9f16c47596e2 HTTP/1.1&quot; 200 405
2019-06-14 23:33:49,235 - urllib3.connectionpool - DEBUG in connectionpool:connectionpool.py:815 - _new_conn: Starting new HTTPS connection (1): sso-dev.pathfinder.gov.bc.ca:443
2019-06-14 23:33:49,601 - urllib3.connectionpool - DEBUG in connectionpool:connectionpool.py:396 - _make_request: https://sso-dev.pathfinder.gov.bc.ca:443 &quot;POST /auth/realms/fcf0kpqr/protocol/openid-connect/token HTTP/1.1&quot; 200 2524
2019-06-14 23:33:49,645 - urllib3.connectionpool - DEBUG in connectionpool:connectionpool.py:396 - _make_request: https://sso-dev.pathfinder.gov.bc.ca:443 &quot;GET /auth/admin/realms/fcf0kpqr/users?search=test11 HTTP/1.1&quot; 200 382
2019-06-14 23:33:49,724 - urllib3.connectionpool - DEBUG in connectionpool:connectionpool.py:396 - _make_request: https://sso-dev.pathfinder.gov.bc.ca:443 &quot;DELETE /auth/admin/realms/fcf0kpqr/users/b13b254a-51bd-4197-8a81-9f16c47596e2 HTTP/1.1&quot; 204 0
</system-out></testcase><testcase classname="tests.unit.api.test_token" file="tests\unit\api\test_token.py" line="47" name="test_token_get_token_user_not_exist" time="1.2964575290679932"><system-out>2019-06-14 23:33:49,768 - urllib3.connectionpool - DEBUG in connectionpool:connectionpool.py:396 - _make_request: https://sso-dev.pathfinder.gov.bc.ca:443 &quot;GET /auth/admin/realms/fcf0kpqr/users?search=test11 HTTP/1.1&quot; 200 2
2019-06-14 23:33:50,025 - urllib3.connectionpool - DEBUG in connectionpool:connectionpool.py:396 - _make_request: https://sso-dev.pathfinder.gov.bc.ca:443 &quot;POST /auth/admin/realms/fcf0kpqr/users HTTP/1.1&quot; 201 0
2019-06-14 23:33:50,125 - urllib3.connectionpool - DEBUG in connectionpool:connectionpool.py:396 - _make_request: https://sso-dev.pathfinder.gov.bc.ca:443 &quot;GET /auth/admin/realms/fcf0kpqr/users?search=test11 HTTP/1.1&quot; 200 382
2019-06-14 23:33:50,222 - urllib3.connectionpool - DEBUG in connectionpool:connectionpool.py:396 - _make_request: https://sso-dev.pathfinder.gov.bc.ca:443 &quot;GET /auth/admin/realms/fcf0kpqr/users?search=test11 HTTP/1.1&quot; 200 382
2019-06-14 23:33:50,318 - urllib3.connectionpool - DEBUG in connectionpool:connectionpool.py:396 - _make_request: https://sso-dev.pathfinder.gov.bc.ca:443 &quot;GET /auth/admin/realms/fcf0kpqr/users/8da3839a-ad08-42be-9473-914faa6228bd HTTP/1.1&quot; 200 405
2019-06-14 23:33:50,576 - urllib3.connectionpool - DEBUG in connectionpool:connectionpool.py:396 - _make_request: https://sso-dev.pathfinder.gov.bc.ca:443 &quot;POST /auth/realms/fcf0kpqr/protocol/openid-connect/token HTTP/1.1&quot; 401 72
2019-06-14 23:33:50,719 - urllib3.connectionpool - DEBUG in connectionpool:connectionpool.py:396 - _make_request: https://sso-dev.pathfinder.gov.bc.ca:443 &quot;GET /auth/admin/realms/fcf0kpqr/users?search=test11 HTTP/1.1&quot; 200 382
2019-06-14 23:33:51,023 - urllib3.connectionpool - DEBUG in connectionpool:connectionpool.py:396 - _make_request: https://sso-dev.pathfinder.gov.bc.ca:443 &quot;DELETE /auth/admin/realms/fcf0kpqr/users/8da3839a-ad08-42be-9473-914faa6228bd HTTP/1.1&quot; 204 0
</system-out></testcase><testcase classname="tests.unit.api.test_user" file="tests\unit\api\test_user.py" line="60" name="test_user_add_user" time="1.208409070968628"><system-out>2019-06-14 23:33:51,120 - urllib3.connectionpool - DEBUG in connectionpool:connectionpool.py:396 - _make_request: https://sso-dev.pathfinder.gov.bc.ca:443 &quot;GET /auth/admin/realms/fcf0kpqr/users?search=test11 HTTP/1.1&quot; 200 2
2019-06-14 23:33:51,426 - urllib3.connectionpool - DEBUG in connectionpool:connectionpool.py:396 - _make_request: https://sso-dev.pathfinder.gov.bc.ca:443 &quot;POST /auth/admin/realms/fcf0kpqr/users HTTP/1.1&quot; 201 0
2019-06-14 23:33:51,525 - urllib3.connectionpool - DEBUG in connectionpool:connectionpool.py:396 - _make_request: https://sso-dev.pathfinder.gov.bc.ca:443 &quot;GET /auth/admin/realms/fcf0kpqr/users?search=test11 HTTP/1.1&quot; 200 447
2019-06-14 23:33:51,558 - urllib3.connectionpool - DEBUG in connectionpool:connectionpool.py:396 - _make_request: https://sso-dev.pathfinder.gov.bc.ca:443 &quot;GET /auth/admin/realms/fcf0kpqr/groups HTTP/1.1&quot; 200 890
2019-06-14 23:33:51,623 - urllib3.connectionpool - DEBUG in connectionpool:connectionpool.py:396 - _make_request: https://sso-dev.pathfinder.gov.bc.ca:443 &quot;PUT /auth/admin/realms/fcf0kpqr/users/974342c1-075c-491f-83bb-22f452128b33/groups/97bfa94a-c616-4e75-aea1-b3be33a65971 HTTP/1.1&quot; 204 0
2019-06-14 23:33:51,656 - urllib3.connectionpool - DEBUG in connectionpool:connectionpool.py:396 - _make_request: https://sso-dev.pathfinder.gov.bc.ca:443 &quot;GET /auth/admin/realms/fcf0kpqr/groups HTTP/1.1&quot; 200 890
2019-06-14 23:33:51,742 - urllib3.connectionpool - DEBUG in connectionpool:connectionpool.py:396 - _make_request: https://sso-dev.pathfinder.gov.bc.ca:443 &quot;PUT /auth/admin/realms/fcf0kpqr/users/974342c1-075c-491f-83bb-22f452128b33/groups/b2ee07a7-70b8-4da6-9b93-11deb250c5c8 HTTP/1.1&quot; 204 0
2019-06-14 23:33:51,825 - urllib3.connectionpool - DEBUG in connectionpool:connectionpool.py:396 - _make_request: https://sso-dev.pathfinder.gov.bc.ca:443 &quot;GET /auth/admin/realms/fcf0kpqr/users?search=test11 HTTP/1.1&quot; 200 447
2019-06-14 23:33:51,919 - urllib3.connectionpool - DEBUG in connectionpool:connectionpool.py:396 - _make_request: https://sso-dev.pathfinder.gov.bc.ca:443 &quot;GET /auth/admin/realms/fcf0kpqr/users/974342c1-075c-491f-83bb-22f452128b33 HTTP/1.1&quot; 200 470
2019-06-14 23:33:52,020 - urllib3.connectionpool - DEBUG in connectionpool:connectionpool.py:396 - _make_request: https://sso-dev.pathfinder.gov.bc.ca:443 &quot;GET /auth/admin/realms/fcf0kpqr/users?search=test11 HTTP/1.1&quot; 200 447
2019-06-14 23:33:52,235 - urllib3.connectionpool - DEBUG in connectionpool:connectionpool.py:396 - _make_request: https://sso-dev.pathfinder.gov.bc.ca:443 &quot;DELETE /auth/admin/realms/fcf0kpqr/users/974342c1-075c-491f-83bb-22f452128b33 HTTP/1.1&quot; 204 0
</system-out></testcase><testcase classname="tests.unit.api.test_user" file="tests\unit\api\test_user.py" line="67" name="test_user_add_user_duplicate_email" time="1.5083563327789307"><system-out>2019-06-14 23:33:52,317 - urllib3.connectionpool - DEBUG in connectionpool:connectionpool.py:396 - _make_request: https://sso-dev.pathfinder.gov.bc.ca:443 &quot;GET /auth/admin/realms/fcf0kpqr/users?search=test11 HTTP/1.1&quot; 200 2
2019-06-14 23:33:52,725 - urllib3.connectionpool - DEBUG in connectionpool:connectionpool.py:396 - _make_request: https://sso-dev.pathfinder.gov.bc.ca:443 &quot;POST /auth/admin/realms/fcf0kpqr/users HTTP/1.1&quot; 201 0
2019-06-14 23:33:52,826 - urllib3.connectionpool - DEBUG in connectionpool:connectionpool.py:396 - _make_request: https://sso-dev.pathfinder.gov.bc.ca:443 &quot;GET /auth/admin/realms/fcf0kpqr/users?search=test11 HTTP/1.1&quot; 200 447
2019-06-14 23:33:52,861 - urllib3.connectionpool - DEBUG in connectionpool:connectionpool.py:396 - _make_request: https://sso-dev.pathfinder.gov.bc.ca:443 &quot;GET /auth/admin/realms/fcf0kpqr/groups HTTP/1.1&quot; 200 890
2019-06-14 23:33:52,925 - urllib3.connectionpool - DEBUG in connectionpool:connectionpool.py:396 - _make_request: https://sso-dev.pathfinder.gov.bc.ca:443 &quot;PUT /auth/admin/realms/fcf0kpqr/users/c7d97f0d-c833-45bc-8216-f4e09c8db749/groups/97bfa94a-c616-4e75-aea1-b3be33a65971 HTTP/1.1&quot; 204 0
2019-06-14 23:33:52,965 - urllib3.connectionpool - DEBUG in connectionpool:connectionpool.py:396 - _make_request: https://sso-dev.pathfinder.gov.bc.ca:443 &quot;GET /auth/admin/realms/fcf0kpqr/groups HTTP/1.1&quot; 200 890
2019-06-14 23:33:53,028 - urllib3.connectionpool - DEBUG in connectionpool:connectionpool.py:396 - _make_request: https://sso-dev.pathfinder.gov.bc.ca:443 &quot;PUT /auth/admin/realms/fcf0kpqr/users/c7d97f0d-c833-45bc-8216-f4e09c8db749/groups/b2ee07a7-70b8-4da6-9b93-11deb250c5c8 HTTP/1.1&quot; 204 0
2019-06-14 23:33:53,122 - urllib3.connectionpool - DEBUG in connectionpool:connectionpool.py:396 - _make_request: https://sso-dev.pathfinder.gov.bc.ca:443 &quot;GET /auth/admin/realms/fcf0kpqr/users?search=test11 HTTP/1.1&quot; 200 447
2019-06-14 23:33:53,219 - urllib3.connectionpool - DEBUG in connectionpool:connectionpool.py:396 - _make_request: https://sso-dev.pathfinder.gov.bc.ca:443 &quot;GET /auth/admin/realms/fcf0kpqr/users/c7d97f0d-c833-45bc-8216-f4e09c8db749 HTTP/1.1&quot; 200 470
2019-06-14 23:33:53,318 - urllib3.connectionpool - DEBUG in connectionpool:connectionpool.py:396 - _make_request: https://sso-dev.pathfinder.gov.bc.ca:443 &quot;GET /auth/admin/realms/fcf0kpqr/users?search=test12 HTTP/1.1&quot; 200 2
2019-06-14 23:33:53,417 - urllib3.connectionpool - DEBUG in connectionpool:connectionpool.py:396 - _make_request: https://sso-dev.pathfinder.gov.bc.ca:443 &quot;POST /auth/admin/realms/fcf0kpqr/users HTTP/1.1&quot; 409 46
2019-06-14 23:33:53,521 - urllib3.connectionpool - DEBUG in connectionpool:connectionpool.py:396 - _make_request: https://sso-dev.pathfinder.gov.bc.ca:443 &quot;GET /auth/admin/realms/fcf0kpqr/users?search=test11 HTTP/1.1&quot; 200 447
2019-06-14 23:33:53,747 - urllib3.connectionpool - DEBUG in connectionpool:connectionpool.py:396 - _make_request: https://sso-dev.pathfinder.gov.bc.ca:443 &quot;DELETE /auth/admin/realms/fcf0kpqr/users/c7d97f0d-c833-45bc-8216-f4e09c8db749 HTTP/1.1&quot; 204 0
</system-out></testcase><testcase classname="tests.unit.api.test_user" file="tests\unit\api\test_user.py" line="77" name="test_user_get_user" time="0.962256908416748"><system-out>2019-06-14 23:33:53,815 - urllib3.connectionpool - DEBUG in connectionpool:connectionpool.py:396 - _make_request: https://sso-dev.pathfinder.gov.bc.ca:443 &quot;GET /auth/admin/realms/fcf0kpqr/users?search=test11 HTTP/1.1&quot; 200 2
2019-06-14 23:33:54,135 - urllib3.connectionpool - DEBUG in connectionpool:connectionpool.py:396 - _make_request: https://sso-dev.pathfinder.gov.bc.ca:443 &quot;POST /auth/admin/realms/fcf0kpqr/users HTTP/1.1&quot; 201 0
2019-06-14 23:33:54,224 - urllib3.connectionpool - DEBUG in connectionpool:connectionpool.py:396 - _make_request: https://sso-dev.pathfinder.gov.bc.ca:443 &quot;GET /auth/admin/realms/fcf0kpqr/users?search=test11 HTTP/1.1&quot; 200 447
2019-06-14 23:33:54,255 - urllib3.connectionpool - DEBUG in connectionpool:connectionpool.py:396 - _make_request: https://sso-dev.pathfinder.gov.bc.ca:443 &quot;GET /auth/admin/realms/fcf0kpqr/groups HTTP/1.1&quot; 200 890
2019-06-14 23:33:54,331 - urllib3.connectionpool - DEBUG in connectionpool:connectionpool.py:396 - _make_request: https://sso-dev.pathfinder.gov.bc.ca:443 &quot;PUT /auth/admin/realms/fcf0kpqr/users/f3dfa962-479c-4d83-bf35-90ff06806449/groups/97bfa94a-c616-4e75-aea1-b3be33a65971 HTTP/1.1&quot; 204 0
2019-06-14 23:33:54,363 - urllib3.connectionpool - DEBUG in connectionpool:connectionpool.py:396 - _make_request: https://sso-dev.pathfinder.gov.bc.ca:443 &quot;GET /auth/admin/realms/fcf0kpqr/groups HTTP/1.1&quot; 200 890
2019-06-14 23:33:54,439 - urllib3.connectionpool - DEBUG in connectionpool:connectionpool.py:396 - _make_request: https://sso-dev.pathfinder.gov.bc.ca:443 &quot;PUT /auth/admin/realms/fcf0kpqr/users/f3dfa962-479c-4d83-bf35-90ff06806449/groups/b2ee07a7-70b8-4da6-9b93-11deb250c5c8 HTTP/1.1&quot; 204 0
2019-06-14 23:33:54,480 - urllib3.connectionpool - DEBUG in connectionpool:connectionpool.py:396 - _make_request: https://sso-dev.pathfinder.gov.bc.ca:443 &quot;GET /auth/admin/realms/fcf0kpqr/users?search=test11 HTTP/1.1&quot; 200 447
2019-06-14 23:33:54,518 - urllib3.connectionpool - DEBUG in connectionpool:connectionpool.py:396 - _make_request: https://sso-dev.pathfinder.gov.bc.ca:443 &quot;GET /auth/admin/realms/fcf0kpqr/users/f3dfa962-479c-4d83-bf35-90ff06806449 HTTP/1.1&quot; 200 470
2019-06-14 23:33:54,563 - urllib3.connectionpool - DEBUG in connectionpool:connectionpool.py:396 - _make_request: https://sso-dev.pathfinder.gov.bc.ca:443 &quot;GET /auth/admin/realms/fcf0kpqr/users?search=test11 HTTP/1.1&quot; 200 447
2019-06-14 23:33:54,599 - urllib3.connectionpool - DEBUG in connectionpool:connectionpool.py:396 - _make_request: https://sso-dev.pathfinder.gov.bc.ca:443 &quot;GET /auth/admin/realms/fcf0kpqr/users/f3dfa962-479c-4d83-bf35-90ff06806449 HTTP/1.1&quot; 200 470
2019-06-14 23:33:54,641 - urllib3.connectionpool - DEBUG in connectionpool:connectionpool.py:396 - _make_request: https://sso-dev.pathfinder.gov.bc.ca:443 &quot;GET /auth/admin/realms/fcf0kpqr/users?search=test11 HTTP/1.1&quot; 200 447
2019-06-14 23:33:54,713 - urllib3.connectionpool - DEBUG in connectionpool:connectionpool.py:396 - _make_request: https://sso-dev.pathfinder.gov.bc.ca:443 &quot;DELETE /auth/admin/realms/fcf0kpqr/users/f3dfa962-479c-4d83-bf35-90ff06806449 HTTP/1.1&quot; 204 0
</system-out></testcase><testcase classname="tests.unit.api.test_user" file="tests\unit\api\test_user.py" line="85" name="test_user_get_user_not_exist" time="0.040997982025146484"><system-out>2019-06-14 23:33:54,754 - urllib3.connectionpool - DEBUG in connectionpool:connectionpool.py:396 - _make_request: https://sso-dev.pathfinder.gov.bc.ca:443 &quot;GET /auth/admin/realms/fcf0kpqr/users?search=test11 HTTP/1.1&quot; 200 2
</system-out></testcase><testcase classname="tests.unit.api.test_user" file="tests\unit\api\test_user.py" line="91" name="test_user_delete_user" time="0.687999963760376"><system-out>2019-06-14 23:33:54,805 - urllib3.connectionpool - DEBUG in connectionpool:connectionpool.py:396 - _make_request: https://sso-dev.pathfinder.gov.bc.ca:443 &quot;GET /auth/admin/realms/fcf0kpqr/users?search=test11 HTTP/1.1&quot; 200 2
2019-06-14 23:33:55,016 - urllib3.connectionpool - DEBUG in connectionpool:connectionpool.py:396 - _make_request: https://sso-dev.pathfinder.gov.bc.ca:443 &quot;POST /auth/admin/realms/fcf0kpqr/users HTTP/1.1&quot; 201 0
2019-06-14 23:33:55,064 - urllib3.connectionpool - DEBUG in connectionpool:connectionpool.py:396 - _make_request: https://sso-dev.pathfinder.gov.bc.ca:443 &quot;GET /auth/admin/realms/fcf0kpqr/users?search=test11 HTTP/1.1&quot; 200 447
2019-06-14 23:33:55,113 - urllib3.connectionpool - DEBUG in connectionpool:connectionpool.py:396 - _make_request: https://sso-dev.pathfinder.gov.bc.ca:443 &quot;GET /auth/admin/realms/fcf0kpqr/groups HTTP/1.1&quot; 200 890
2019-06-14 23:33:55,165 - urllib3.connectionpool - DEBUG in connectionpool:connectionpool.py:396 - _make_request: https://sso-dev.pathfinder.gov.bc.ca:443 &quot;PUT /auth/admin/realms/fcf0kpqr/users/f825eaea-aa2b-4c4d-a67d-ccc35a3c6b80/groups/97bfa94a-c616-4e75-aea1-b3be33a65971 HTTP/1.1&quot; 204 0
2019-06-14 23:33:55,198 - urllib3.connectionpool - DEBUG in connectionpool:connectionpool.py:396 - _make_request: https://sso-dev.pathfinder.gov.bc.ca:443 &quot;GET /auth/admin/realms/fcf0kpqr/groups HTTP/1.1&quot; 200 890
2019-06-14 23:33:55,249 - urllib3.connectionpool - DEBUG in connectionpool:connectionpool.py:396 - _make_request: https://sso-dev.pathfinder.gov.bc.ca:443 &quot;PUT /auth/admin/realms/fcf0kpqr/users/f825eaea-aa2b-4c4d-a67d-ccc35a3c6b80/groups/b2ee07a7-70b8-4da6-9b93-11deb250c5c8 HTTP/1.1&quot; 204 0
2019-06-14 23:33:55,288 - urllib3.connectionpool - DEBUG in connectionpool:connectionpool.py:396 - _make_request: https://sso-dev.pathfinder.gov.bc.ca:443 &quot;GET /auth/admin/realms/fcf0kpqr/users?search=test11 HTTP/1.1&quot; 200 447
2019-06-14 23:33:55,326 - urllib3.connectionpool - DEBUG in connectionpool:connectionpool.py:396 - _make_request: https://sso-dev.pathfinder.gov.bc.ca:443 &quot;GET /auth/admin/realms/fcf0kpqr/users/f825eaea-aa2b-4c4d-a67d-ccc35a3c6b80 HTTP/1.1&quot; 200 470
2019-06-14 23:33:55,369 - urllib3.connectionpool - DEBUG in connectionpool:connectionpool.py:396 - _make_request: https://sso-dev.pathfinder.gov.bc.ca:443 &quot;GET /auth/admin/realms/fcf0kpqr/users?search=test11 HTTP/1.1&quot; 200 447
2019-06-14 23:33:55,451 - urllib3.connectionpool - DEBUG in connectionpool:connectionpool.py:396 - _make_request: https://sso-dev.pathfinder.gov.bc.ca:443 &quot;DELETE /auth/admin/realms/fcf0kpqr/users/f825eaea-aa2b-4c4d-a67d-ccc35a3c6b80 HTTP/1.1&quot; 204 0
</system-out></testcase><testcase classname="tests.unit.api.test_user" file="tests\unit\api\test_user.py" line="98" name="test_user_delete_user_not_exist" time="0.043009281158447266"><system-out>2019-06-14 23:33:55,493 - urllib3.connectionpool - DEBUG in connectionpool:connectionpool.py:396 - _make_request: https://sso-dev.pathfinder.gov.bc.ca:443 &quot;GET /auth/admin/realms/fcf0kpqr/users?search=test11 HTTP/1.1&quot; 200 2
</system-out></testcase><testcase classname="tests.unit.conf.test_configuration" file="tests\unit\conf\test_configuration.py" line="35" name="test_get_named_config[valid-development-DevConfig]" time="0.0019998550415039062"></testcase><testcase classname="tests.unit.conf.test_configuration" file="tests\unit\conf\test_configuration.py" line="35" name="test_get_named_config[valid-testing-TestConfig]" time="0.001001119613647461"></testcase><testcase classname="tests.unit.conf.test_configuration" file="tests\unit\conf\test_configuration.py" line="35" name="test_get_named_config[valid-default-ProdConfig]" time="0.002000570297241211"></testcase><testcase classname="tests.unit.conf.test_configuration" file="tests\unit\conf\test_configuration.py" line="35" name="test_get_named_config[valid-staging-ProdConfig]" time="0.001997232437133789"></testcase><testcase classname="tests.unit.conf.test_configuration" file="tests\unit\conf\test_configuration.py" line="35" name="test_get_named_config[valid-production-ProdConfig]" time="0.0020017623901367188"></testcase><testcase classname="tests.unit.conf.test_configuration" file="tests\unit\conf\test_configuration.py" line="35" name="test_get_named_config[error-None-KeyError]" time="0.0020186901092529297"></testcase><testcase classname="tests.unit.conf.test_configuration" file="tests\unit\conf\test_configuration.py" line="48" name="test_prod_config_secret_key" time="0.012000083923339844"><system-err>WARNING: SECRET_KEY being set as a one-shot
</system-err></testcase><testcase classname="tests.unit.conf.test_version" file="tests\unit\conf\test_version.py" line="22" name="test_get_version" time="0.001987934112548828"></testcase><testcase classname="tests.unit.models.test_user" file="tests\unit\models\test_user.py" line="22" name="test_user" time="0.6080269813537598"></testcase><testcase classname="tests.unit.models.test_user" file="tests\unit\models\test_user.py" line="35" name="test_user_find_by_jwt_token" time="0.020000934600830078"></testcase><testcase classname="tests.unit.models.test_user" file="tests\unit\models\test_user.py" line="55" name="test_create_from_jwt_token" time="0.015996932983398438"></testcase><testcase classname="tests.unit.models.test_user" file="tests\unit\models\test_user.py" line="67" name="test_create_from_jwt_token_no_token" time="0.009001970291137695"></testcase><testcase classname="tests.unit.models.test_user" file="tests\unit\models\test_user.py" line="74" name="test_find_by_username" time="0.018998384475708008"></testcase><testcase classname="tests.unit.models.test_user" file="tests\unit\models\test_user.py" line="85" name="test_user_save" time="0.021001815795898438"></testcase><testcase classname="tests.unit.models.test_user" file="tests\unit\models\test_user.py" line="93" name="test_user_delete" time="0.019005537033081055"></testcase><testcase classname="tests.unit.services.test_keycloak" file="tests\unit\services\test_keycloak.py" line="57" name="test_keycloak_add_user" time="0.9245350360870361"></testcase><testcase classname="tests.unit.services.test_keycloak" file="tests\unit\services\test_keycloak.py" line="64" name="test_keycloak_add_user_duplicate_email" time="0.754244327545166"></testcase><testcase classname="tests.unit.services.test_keycloak" file="tests\unit\services\test_keycloak.py" line="78" name="test_keycloak_get_user_by_username" time="0.8764834403991699"></testcase><testcase classname="tests.unit.services.test_keycloak" file="tests\unit\services\test_keycloak.py" line="86" name="test_keycloak_get_user_by_username_not_exist" time="0.05299949645996094"></testcase><testcase classname="tests.unit.services.test_keycloak" file="tests\unit\services\test_keycloak.py" line="97" name="test_keycloak_get_token" time="1.4075055122375488"></testcase><testcase classname="tests.unit.services.test_keycloak" file="tests\unit\services\test_keycloak.py" line="105" name="test_keycloak_get_token_user_not_exist" time="0.22968387603759766"></testcase><testcase classname="tests.unit.services.test_keycloak" file="tests\unit\services\test_keycloak.py" line="116" name="test_keycloak_refresh_token" time="1.7623720169067383"></testcase><testcase classname="tests.unit.services.test_keycloak" file="tests\unit\services\test_keycloak.py" line="127" name="test_keycloak_refresh_token_wrong_refresh_token" time="1.5060038566589355"></testcase><testcase classname="tests.unit.services.test_keycloak" file="tests\unit\services\test_keycloak.py" line="142" name="test_keycloak_delete_user_by_username" time="1.1876230239868164"></testcase><testcase classname="tests.unit.services.test_keycloak" file="tests\unit\services\test_keycloak.py" line="149" name="test_keycloak_delete_user_by_username_user_not_exist" time="0.07655858993530273"></testcase><testcase classname="tests.unit.services.test_user" file="tests\unit\services\test_user.py" line="32" name="test_as_dict" time="0.0"></testcase><testcase classname="tests.unit.services.test_user" file="tests\unit\services\test_user.py" line="42" name="test_user_saved_from_new" time="0.02100372314453125"></testcase><testcase classname="tests.unit.services.test_user" file="tests\unit\services\test_user.py" line="55" name="test_user_retrieved_from_cache" time="0.03501725196838379"></testcase><testcase classname="tests.unit.services.test_user" file="tests\unit\services\test_user.py" line="72" name="test_user_find_by_username" time="0.024003267288208008"></testcase><testcase classname="tests.unit.services.test_user" file="tests\unit\services\test_user.py" line="85" name="test_user_find_by_username_no_model_object" time="0.014001131057739258"></testcase><testcase classname="tests.unit.services.test_user" file="tests\unit\services\test_user.py" line="94" name="test_user_find_by_username_missing_username" time="0.014996528625488281"></testcase><testcase classname="tests.unit.utils.test_logging" file="tests\unit\utils\test_logging.py" line="24" name="test_logging_with_file" time="0.005998373031616211"></testcase><testcase classname="tests.unit.utils.test_logging" file="tests\unit\utils\test_logging.py" line="34" name="test_logging_with_missing_file" time="0.0010251998901367188"></testcase><testcase classname="tests.unit.utils.test_util_cors" file="tests\unit\utils\test_util_cors.py" line="34" name="test_cors_preflight_post[GET]" time="0.001999378204345703"></testcase><testcase classname="tests.unit.utils.test_util_cors" file="tests\unit\utils\test_util_cors.py" line="34" name="test_cors_preflight_post[PUT]" time="0.0009992122650146484"></testcase><testcase classname="tests.unit.utils.test_util_cors" file="tests\unit\utils\test_util_cors.py" line="34" name="test_cors_preflight_post[POST]" time="0.001998424530029297"></testcase><testcase classname="tests.unit.utils.test_util_cors" file="tests\unit\utils\test_util_cors.py" line="34" name="test_cors_preflight_post[GET,PUT]" time="0.0019965171813964844"></testcase><testcase classname="tests.unit.utils.test_util_cors" file="tests\unit\utils\test_util_cors.py" line="34" name="test_cors_preflight_post[GET,POST]" time="0.0010030269622802734"></testcase><testcase classname="tests.unit.utils.test_util_cors" file="tests\unit\utils\test_util_cors.py" line="34" name="test_cors_preflight_post[PUT,POST]" time="0.0"></testcase><testcase classname="tests.unit.utils.test_util_cors" file="tests\unit\utils\test_util_cors.py" line="34" name="test_cors_preflight_post[GET,PUT,POST]" time="0.0050008296966552734"></testcase></testsuite>